Flutter crash report.
Please report a bug at https://github.com/flutter/flutter/issues.

## command

flutter run --machine --start-paused -d chrome --devtools-server-address http://127.0.0.1:9100/ --target /Users/diannejoseph/todo/lib/main.dart

## exception

HttpException: HttpException: Connection closed before full header was received, uri = http://localhost:58865/json

```
```

## flutter doctor

```
[!] Flutter (Channel stable, 3.24.1, on macOS 14.5 23F79 darwin-arm64, locale en-TZ)
    • Flutter version 3.24.1 on channel stable at /Users/diannejoseph/development/flutter
    ! The flutter binary is not on your path. Consider adding /Users/diannejoseph/development/flutter/bin to your path.
    ! The dart binary is not on your path. Consider adding /Users/diannejoseph/development/flutter/bin to your path.
    • Upstream repository https://github.com/flutter/flutter.git
    • Framework revision 5874a72aa4 (2 weeks ago), 2024-08-20 16:46:00 -0500
    • Engine revision c9b9d5780d
    • Dart version 3.5.1
    • DevTools version 2.37.2
    • If those were intentional, you can disregard the above warnings; however it is recommended to use "git" directly to perform update checks and upgrades.

[✓] Android toolchain - develop for Android devices (Android SDK version 34.0.0)
    • Android SDK at /Users/diannejoseph/Library/Android/sdk
    • Platform android-34, build-tools 34.0.0
    • Java binary at: /Applications/Android Studio.app/Contents/jbr/Contents/Home/bin/java
    • Java version OpenJDK Runtime Environment (build 17.0.10+0-17.0.10b1087.21-11572160)
    • All Android licenses accepted.

[✗] Xcode - develop for iOS and macOS
    ✗ Xcode installation is incomplete; a full installation is necessary for iOS and macOS development.
      Download at: https://developer.apple.com/xcode/
      Or install Xcode via the App Store.
      Once installed, run:
        sudo xcode-select --switch /Applications/Xcode.app/Contents/Developer
        sudo xcodebuild -runFirstLaunch
    ✗ CocoaPods not installed.
        CocoaPods is a package manager for iOS or macOS platform code.
        Without CocoaPods, plugins will not work on iOS or macOS.
        For more info, see https://flutter.dev/to/platform-plugins
      For installation instructions, see https://guides.cocoapods.org/using/getting-started.html#installation

[✓] Chrome - develop for the web
    • Chrome at /Applications/Google Chrome.app/Contents/MacOS/Google Chrome

[✓] Android Studio (version 2023.3)
    • Android Studio at /Applications/Android Studio.app/Contents
    • Flutter plugin can be installed from:
      🔨 https://plugins.jetbrains.com/plugin/9212-flutter
    • Dart plugin can be installed from:
      🔨 https://plugins.jetbrains.com/plugin/6351-dart
    • Java version OpenJDK Runtime Environment (build 17.0.10+0-17.0.10b1087.21-11572160)

[✓] IntelliJ IDEA Community Edition (version 2024.1.2)
    • IntelliJ at /Users/diannejoseph/Applications/IntelliJ IDEA Community Edition.app
    • Flutter plugin can be installed from:
      🔨 https://plugins.jetbrains.com/plugin/9212-flutter
    • Dart plugin can be installed from:
      🔨 https://plugins.jetbrains.com/plugin/6351-dart

[✓] VS Code (version 1.92.2)
    • VS Code at /Applications/Visual Studio Code.app/Contents
    • Flutter extension version 3.94.0

[✓] Connected device (4 available)
    • SM G965U (mobile)           • 10.80.80.211:5555 • android-arm64  • Android 8.0.0 (API 26)
    • sdk gphone64 arm64 (mobile) • emulator-5554     • android-arm64  • Android 14 (API 34) (emulator)
    • macOS (desktop)             • macos             • darwin-arm64   • macOS 14.5 23F79 darwin-arm64
    • Chrome (web)                • chrome            • web-javascript • Google Chrome 128.0.6613.114

[✓] Network resources
    • All expected network resources are available.

! Doctor found issues in 2 categories.
```
